<?xml version="1.0" encoding="UTF-8"?>
<!-- Generated by org.testng.reporters.JUnitReportReporter -->
<testsuite hostname="Nitin" failures="0" tests="6" name="com.DemoTestcase.Hometestcase" time="5.931" errors="0" timestamp="2024-12-26T03:32:38 IST" skipped="0">
  <testcase classname="com.DemoTestcase.Hometestcase" name="verifygettotalOption" time="0.185"/>
  <system-out/>
  <testcase classname="com.DemoTestcase.Hometestcase" name="verifymenu" time="0.925"/>
  <system-out/>
  <testcase classname="com.DemoTestcase.Hometestcase" name="verifyurl" time="0.009"/>
  <system-out/>
  <testcase classname="com.DemoTestcase.Hometestcase" name="verifysign" time="0.741"/>
  <system-out/>
  <testcase classname="com.DemoTestcase.Hometestcase" name="Verifyput" time="2.814"/>
  <system-out/>
  <testcase classname="com.DemoTestcase.Hometestcase" name="login" time="1.257"/>
  <system-out/>
</testsuite> <!-- com.DemoTestcase.Hometestcase -->
