<?xml version="1.0" encoding="UTF-8"?>
<!-- Generated by org.testng.reporters.JUnitReportReporter -->
<testsuite hostname="Nitin" failures="0" tests="1" name="com.HRM.practice" time="13.783" errors="0" timestamp="2024-12-28T03:46:28 IST" skipped="0">
  <testcase classname="com.HRM.practice" name="f" time="13.783"/>
  <system-out/>
</testsuite> <!-- com.HRM.practice -->
