<?xml version="1.0" encoding="UTF-8"?>
<!-- Generated by org.testng.reporters.JUnitReportReporter -->
<testsuite hostname="Nitin" failures="0" tests="8" name="com.HRM.SavedataHrm" time="0.079" errors="0" timestamp="2024-12-29T02:40:08 IST" skipped="0">
  <testcase classname="com.HRM.SavedataHrm" name="f" time="0.005"/>
  <system-out/>
  <testcase classname="com.HRM.SavedataHrm" name="f" time="0.021"/>
  <system-out/>
  <testcase classname="com.HRM.SavedataHrm" name="f" time="0.022"/>
  <system-out/>
  <testcase classname="com.HRM.SavedataHrm" name="f" time="0.006"/>
  <system-out/>
  <testcase classname="com.HRM.SavedataHrm" name="f" time="0.007"/>
  <system-out/>
  <testcase classname="com.HRM.SavedataHrm" name="f" time="0.008"/>
  <system-out/>
  <testcase classname="com.HRM.SavedataHrm" name="f" time="0.005"/>
  <system-out/>
  <testcase classname="com.HRM.SavedataHrm" name="f" time="0.005"/>
  <system-out/>
</testsuite> <!-- com.HRM.SavedataHrm -->
