<?xml version="1.0" encoding="UTF-8"?>
<!-- Generated by org.testng.reporters.JUnitReportReporter -->
<testsuite hostname="Nitin" failures="0" tests="2" name="com.HRM.ReadHRM" time="0.010" errors="0" timestamp="2024-12-29T02:40:08 IST" skipped="0">
  <testcase classname="com.HRM.ReadHRM" name="read" time="0.002"/>
  <system-out/>
  <testcase classname="com.HRM.ReadHRM" name="readdata" time="0.008"/>
  <system-out/>
</testsuite> <!-- com.HRM.ReadHRM -->
