<?xml version="1.0" encoding="UTF-8"?>
<!-- Generated by org.testng.reporters.JUnitReportReporter -->
<testsuite hostname="Nitin" failures="0" tests="6" name="com.DemoTestcase.Indexcases" time="9.507" errors="0" timestamp="2024-12-26T03:32:38 IST" skipped="0">
  <testcase classname="com.DemoTestcase.Indexcases" name="verifygetcategory" time="0.280"/>
  <system-out/>
  <testcase classname="com.DemoTestcase.Indexcases" name="verifyalloption" time="1.404"/>
  <system-out/>
  <testcase classname="com.DemoTestcase.Indexcases" name="verifyUrl" time="0.058"/>
  <system-out/>
  <testcase classname="com.DemoTestcase.Indexcases" name="verifyselect" time="1.200"/>
  <system-out/>
  <testcase classname="com.DemoTestcase.Indexcases" name="verifyadd" time="2.449"/>
  <system-out/>
  <testcase classname="com.DemoTestcase.Indexcases" name="verifylink" time="4.116"/>
  <system-out/>
</testsuite> <!-- com.DemoTestcase.Indexcases -->
