<?xml version="1.0" encoding="UTF-8"?>
<!-- Generated by org.testng.reporters.JUnitReportReporter -->
<testsuite hostname="Nitin" failures="0" tests="1" name="HRMscenariotestcases.HRMtestcase" time="2.309" errors="0" timestamp="2024-12-29T03:00:21 IST" skipped="0">
  <testcase classname="HRMscenariotestcases.HRMtestcase" name="verifylogin" time="2.309"/>
  <system-out/>
</testsuite> <!-- HRMscenariotestcases.HRMtestcase -->
