<?xml version="1.0" encoding="UTF-8"?>
<!-- Generated by org.testng.reporters.JUnitReportReporter -->
<testsuite hostname="Nitin" failures="0" tests="7" name="HRMscenariotestcases.AdminTestcase" time="11.102" errors="0" timestamp="2024-12-29T03:00:22 IST" skipped="0">
  <testcase classname="HRMscenariotestcases.AdminTestcase" name="verifylogin" time="3.318"/>
  <system-out/>
  <testcase classname="HRMscenariotestcases.AdminTestcase" name="verifycount" time="0.446"/>
  <system-out/>
  <testcase classname="HRMscenariotestcases.AdminTestcase" name="verifyoption" time="0.386"/>
  <system-out/>
  <testcase classname="HRMscenariotestcases.AdminTestcase" name="verifyclick" time="1.962"/>
  <system-out/>
  <testcase classname="HRMscenariotestcases.AdminTestcase" name="verifyadmin" time="1.881"/>
  <system-out/>
  <testcase classname="HRMscenariotestcases.AdminTestcase" name="verifydrop" time="1.869"/>
  <system-out/>
  <testcase classname="HRMscenariotestcases.AdminTestcase" name="verifystatus" time="1.240"/>
  <system-out/>
</testsuite> <!-- HRMscenariotestcases.AdminTestcase -->
